[21:05:00] [ServerMain/INFO]: Environment: authHost='https://authserver.mojang.com', accountsHost='https://api.mojang.com', sessionHost='https://sessionserver.mojang.com', servicesHost='https://api.minecraftservices.com', name='PROD'
[21:05:03] [ServerMain/WARN]: Ambiguity between arguments [teleport, location] and [teleport, destination] with inputs: [0.1 -0.5 .9, 0 0 0]
[21:05:03] [ServerMain/WARN]: Ambiguity between arguments [teleport, location] and [teleport, targets] with inputs: [0.1 -0.5 .9, 0 0 0]
[21:05:03] [ServerMain/WARN]: Ambiguity between arguments [teleport, destination] and [teleport, targets] with inputs: [Player, 0123, @e, dd12be42-52a9-4a91-a8a1-11c01849e498]
[21:05:03] [ServerMain/WARN]: Ambiguity between arguments [teleport, targets] and [teleport, destination] with inputs: [Player, 0123, dd12be42-52a9-4a91-a8a1-11c01849e498]
[21:05:03] [ServerMain/WARN]: Ambiguity between arguments [teleport, targets, location] and [teleport, targets, destination] with inputs: [0.1 -0.5 .9, 0 0 0]
[21:05:03] [ServerMain/INFO]: Reloading ResourceManager: Default
[21:05:05] [Worker-Main-4/INFO]: Loaded 7 recipes
[21:05:06] [Worker-Main-4/INFO]: Loaded 1141 advancements
[21:05:12] [Server thread/INFO]: Starting minecraft server version 1.18
[21:05:12] [Server thread/INFO]: Loading properties
[21:05:12] [Server thread/INFO]: Default game type: SURVIVAL
[21:05:12] [Server thread/INFO]: Generating keypair
[21:05:13] [Server thread/INFO]: Starting Minecraft server on *:25565
[21:05:13] [Server thread/INFO]: Using epoll channel type
[21:05:14] [Server thread/INFO]: Preparing level "world"
[21:05:14] [Server thread/INFO]: Preparing start region for dimension minecraft:overworld
[21:05:19] [Worker-Main-5/INFO]: Preparing spawn area: 0%
[21:05:19] [Worker-Main-6/INFO]: Preparing spawn area: 0%
[21:05:19] [Worker-Main-4/INFO]: Preparing spawn area: 0%
[21:05:20] [Worker-Main-6/INFO]: Preparing spawn area: 0%
[21:05:20] [Worker-Main-5/INFO]: Preparing spawn area: 0%
[21:05:20] [Worker-Main-6/INFO]: Preparing spawn area: 0%
[21:05:20] [Worker-Main-6/INFO]: Preparing spawn area: 0%
[21:05:20] [Worker-Main-5/INFO]: Preparing spawn area: 0%
[21:05:20] [Worker-Main-6/INFO]: Preparing spawn area: 0%
[21:05:20] [Worker-Main-5/INFO]: Preparing spawn area: 0%
[21:05:20] [Worker-Main-6/INFO]: Preparing spawn area: 0%
[21:05:20] [Worker-Main-4/INFO]: Preparing spawn area: 0%
[21:05:20] [Worker-Main-6/INFO]: Preparing spawn area: 0%
[21:05:21] [Worker-Main-6/INFO]: Preparing spawn area: 0%
[21:05:21] [Worker-Main-4/INFO]: Preparing spawn area: 0%
[21:05:21] [User Authenticator #1/INFO]: UUID of player FirefoxSr is e6fcf293-2b55-4914-a4b2-a3921c244309
[21:05:22] [Worker-Main-4/INFO]: Preparing spawn area: 0%
[21:05:22] [Worker-Main-6/INFO]: Preparing spawn area: 0%
[21:05:23] [Worker-Main-5/INFO]: Preparing spawn area: 0%
[21:05:23] [Worker-Main-6/INFO]: Preparing spawn area: 0%
[21:05:24] [Worker-Main-6/INFO]: Preparing spawn area: 0%
[21:05:24] [Worker-Main-4/INFO]: Preparing spawn area: 0%
[21:05:25] [Worker-Main-5/INFO]: Preparing spawn area: 0%
[21:05:25] [Worker-Main-5/INFO]: Preparing spawn area: 0%
[21:05:26] [User Authenticator #2/INFO]: UUID of player gioksz is e34fa9ce-5880-47f3-9eb4-ba074c650ebd
[21:05:26] [Worker-Main-4/INFO]: Preparing spawn area: 0%
[21:05:26] [Worker-Main-6/INFO]: Preparing spawn area: 0%
[21:05:27] [Worker-Main-5/INFO]: Preparing spawn area: 0%
[21:05:27] [Worker-Main-6/INFO]: Preparing spawn area: 0%
[21:05:28] [Worker-Main-6/INFO]: Preparing spawn area: 0%
[21:05:28] [Worker-Main-5/INFO]: Preparing spawn area: 0%
[21:05:29] [Worker-Main-6/INFO]: Preparing spawn area: 2%
[21:05:29] [Worker-Main-6/INFO]: Preparing spawn area: 3%
[21:05:30] [Worker-Main-4/INFO]: Preparing spawn area: 4%
[21:05:30] [Worker-Main-6/INFO]: Preparing spawn area: 4%
[21:05:31] [Worker-Main-6/INFO]: Preparing spawn area: 4%
[21:05:31] [Worker-Main-5/INFO]: Preparing spawn area: 4%
[21:05:32] [Worker-Main-5/INFO]: Preparing spawn area: 4%
[21:05:32] [Worker-Main-4/INFO]: Preparing spawn area: 4%
[21:05:33] [Worker-Main-4/INFO]: Preparing spawn area: 5%
[21:05:33] [Worker-Main-6/INFO]: Preparing spawn area: 5%
[21:05:34] [Worker-Main-6/INFO]: Preparing spawn area: 9%
[21:05:34] [Worker-Main-5/INFO]: Preparing spawn area: 12%
[21:05:35] [Worker-Main-4/INFO]: Preparing spawn area: 12%
[21:05:35] [User Authenticator #3/INFO]: UUID of player MaxPainNL is 19a96113-750b-4395-a8e2-aa02e59eaf80
[21:05:35] [Worker-Main-6/INFO]: Preparing spawn area: 12%
[21:05:36] [Worker-Main-5/INFO]: Preparing spawn area: 12%
[21:05:36] [Worker-Main-4/INFO]: Preparing spawn area: 13%
[21:05:37] [Worker-Main-4/INFO]: Preparing spawn area: 16%
[21:05:37] [Worker-Main-6/INFO]: Preparing spawn area: 22%
[21:05:38] [Worker-Main-6/INFO]: Preparing spawn area: 28%
[21:05:38] [Worker-Main-4/INFO]: Preparing spawn area: 28%
[21:05:39] [Worker-Main-5/INFO]: Preparing spawn area: 41%
[21:05:39] [Worker-Main-4/INFO]: Preparing spawn area: 46%
[21:05:40] [Worker-Main-6/INFO]: Preparing spawn area: 47%
[21:05:40] [Worker-Main-6/INFO]: Preparing spawn area: 51%
[21:05:41] [Worker-Main-6/INFO]: Preparing spawn area: 64%
[21:05:41] [Worker-Main-6/INFO]: Preparing spawn area: 68%
[21:05:42] [Worker-Main-5/INFO]: Preparing spawn area: 72%
[21:05:42] [Worker-Main-5/INFO]: Preparing spawn area: 81%
[21:05:43] [Worker-Main-4/INFO]: Preparing spawn area: 93%
[21:05:43] [Worker-Main-4/INFO]: Preparing spawn area: 98%
[21:05:46] [Server thread/INFO]: Time elapsed: 31382 ms
[21:05:46] [Server thread/INFO]: Done (31.811s)! For help, type "help"
[21:05:46] [Server thread/INFO]: Starting remote control listener
[21:05:46] [Server thread/INFO]: Thread RCON Listener started
[21:05:46] [Server thread/INFO]: RCON running on 0.0.0.0:25575
[21:05:47] [Server thread/INFO]: FirefoxSr[/80.56.92.71:52537] logged in with entity id 225 at (105.28849641215399, 76.0, -101.07499998807907)
[21:05:47] [Server thread/INFO]: FirefoxSr joined the game
[21:05:49] [Server thread/INFO]: gioksz[/77.251.189.56:64615] logged in with entity id 226 at (120.5796197492366, 72.0, 12.848732210330864)
[21:05:49] [Server thread/INFO]: gioksz joined the game
[21:05:50] [Server thread/INFO]: MaxPainNL[/10.0.1.1:65478] logged in with entity id 227 at (66.47754768226866, 92.0, 30.574040422300044)
[21:05:50] [Server thread/INFO]: MaxPainNL joined the game
[21:05:51] [Server thread/WARN]: Can't keep up! Is the server overloaded? Running 5000ms or 100 ticks behind
[21:06:22] [Server thread/WARN]: Can't keep up! Is the server overloaded? Running 16083ms or 321 ticks behind
[21:06:56] [Server thread/WARN]: Can't keep up! Is the server overloaded? Running 2007ms or 40 ticks behind
[21:07:58] [Server thread/WARN]: Can't keep up! Is the server overloaded? Running 46737ms or 934 ticks behind
[21:08:02] [Server thread/INFO]: Unknown or incomplete command, see below for error
[21:08:02] [Server thread/INFO]: close<--[HERE]
